0 info it worked if it ends with ok
1 verbose cli [ '/home/ubuntu/.nvm/versions/node/v4.6.1/bin/node',
1 verbose cli   '/home/ubuntu/.nvm/versions/node/v4.6.1/bin/npm',
1 verbose cli   'install',
1 verbose cli   '--save',
1 verbose cli   'angular-route@X.Y.Z' ]
2 info using npm@2.15.9
3 info using node@v4.6.1
4 verbose install initial load of /home/ubuntu/workspace/views/package.json
5 warn package.json superflat-admin@0.1.0 No description
6 warn package.json superflat-admin@0.1.0 No repository field.
7 warn package.json superflat-admin@0.1.0 No README data
8 warn package.json superflat-admin@0.1.0 No license field.
9 verbose installManyTop reading scoped package data from /home/ubuntu/workspace/views/node_modules/bower/package.json
10 verbose installManyTop reading scoped package data from /home/ubuntu/workspace/views/node_modules/moment/package.json
11 verbose readDependencies loading dependencies from /home/ubuntu/workspace/views/package.json
12 silly cache add args [ 'angular-route@X.Y.Z', null ]
13 verbose cache add spec angular-route@X.Y.Z
14 silly cache add parsed spec Result {
14 silly cache add   raw: 'angular-route@X.Y.Z',
14 silly cache add   scope: null,
14 silly cache add   name: 'angular-route',
14 silly cache add   rawSpec: 'X.Y.Z',
14 silly cache add   spec: 'X.Y.Z',
14 silly cache add   type: 'tag' }
15 silly addNamed angular-route@X.Y.Z
16 verbose addNamed "X.Y.Z" is being treated as a dist-tag for angular-route
17 info addNameTag [ 'angular-route', 'X.Y.Z' ]
18 silly mapToRegistry name angular-route
19 silly mapToRegistry using default registry
20 silly mapToRegistry registry https://registry.npmjs.org/
21 silly mapToRegistry data Result {
21 silly mapToRegistry   raw: 'angular-route',
21 silly mapToRegistry   scope: null,
21 silly mapToRegistry   name: 'angular-route',
21 silly mapToRegistry   rawSpec: '',
21 silly mapToRegistry   spec: 'latest',
21 silly mapToRegistry   type: 'tag' }
22 silly mapToRegistry uri https://registry.npmjs.org/angular-route
23 verbose addNameTag registry:https://registry.npmjs.org/angular-route not in flight; fetching
24 verbose request uri https://registry.npmjs.org/angular-route
25 verbose request no auth needed
26 info attempt registry request try #1 at 2:34:36 PM
27 verbose request id 6aee1718198224a8
28 verbose etag W/"5899d32a-172de"
29 verbose lastModified Tue, 07 Feb 2017 14:01:14 GMT
30 http request GET https://registry.npmjs.org/angular-route
31 http 304 https://registry.npmjs.org/angular-route
32 verbose headers { date: 'Wed, 08 Feb 2017 14:34:36 GMT',
32 verbose headers   via: '1.1 varnish',
32 verbose headers   'cache-control': 'max-age=300',
32 verbose headers   etag: 'W/"5899d32a-172de"',
32 verbose headers   age: '282',
32 verbose headers   connection: 'keep-alive',
32 verbose headers   'x-served-by': 'cache-lcy1133-LCY',
32 verbose headers   'x-cache': 'HIT',
32 verbose headers   'x-cache-hits': '2',
32 verbose headers   'x-timer': 'S1486564476.860552,VS0,VE0',
32 verbose headers   vary: 'Accept-Encoding' }
33 silly get cb [ 304,
33 silly get   { date: 'Wed, 08 Feb 2017 14:34:36 GMT',
33 silly get     via: '1.1 varnish',
33 silly get     'cache-control': 'max-age=300',
33 silly get     etag: 'W/"5899d32a-172de"',
33 silly get     age: '282',
33 silly get     connection: 'keep-alive',
33 silly get     'x-served-by': 'cache-lcy1133-LCY',
33 silly get     'x-cache': 'HIT',
33 silly get     'x-cache-hits': '2',
33 silly get     'x-timer': 'S1486564476.860552,VS0,VE0',
33 silly get     vary: 'Accept-Encoding' } ]
34 verbose etag https://registry.npmjs.org/angular-route from cache
35 verbose get saving angular-route to /home/ubuntu/.npm/registry.npmjs.org/angular-route/.cache.json
36 verbose correctMkdir /home/ubuntu/.npm correctMkdir not in flight; initializing
37 silly addNameTag next cb for angular-route with tag X.Y.Z
38 verbose stack Error: No compatible version found: angular-route@'X.Y.Z'
38 verbose stack Valid install targets:
38 verbose stack ["1.2.17-build.163.1","1.3.0-rc.5","1.3.0","1.3.1","1.3.2","1.3.3","1.3.4-build.3588","1.2.27","1.3.4","1.3.5","1.3.6","1.3.7","1.2.28","1.3.8","1.4.0-beta.0","1.3.9","1.3.10","1.4.0-beta.1","1.4.0-beta.2","1.3.11","1.4.0-beta.3","1.3.12","1.3.13","1.4.0-beta.4","1.3.14","1.4.0-beta.5","1.4.0-beta.6","1.3.15","1.4.0-rc.0","1.4.0-rc.1","1.4.0-rc.2","1.4.0","1.3.16","1.4.1","1.4.2","1.3.17","1.4.3","1.4.4","1.3.18","1.4.5","1.3.19","1.4.6","1.5.0-beta.0","1.2.29","1.3.20","1.4.7","1.5.0-beta.2","1.4.8","1.5.0-rc.0","1.5.0-rc.1","1.4.9","1.5.0-rc.2","1.5.0","1.5.1","1.4.10","1.5.2","1.5.3","1.5.5","1.4.11","1.5.6","1.4.12","1.5.7","1.2.30","1.5.8","1.4.13","1.2.31","1.2.32","1.4.14","1.6.0-rc.0","1.6.0-rc.1","1.5.9","1.6.0-rc.2","1.6.0","1.5.10","1.6.1","1.5.11","1.6.2"]
38 verbose stack
38 verbose stack     at installTargetsError (/home/ubuntu/.nvm/versions/node/v4.6.1/lib/node_modules/npm/lib/cache/add-named.js:284:12)
38 verbose stack     at next (/home/ubuntu/.nvm/versions/node/v4.6.1/lib/node_modules/npm/lib/cache/add-named.js:94:10)
38 verbose stack     at RES (/home/ubuntu/.nvm/versions/node/v4.6.1/lib/node_modules/npm/node_modules/inflight/inflight.js:23:14)
38 verbose stack     at f (/home/ubuntu/.nvm/versions/node/v4.6.1/lib/node_modules/npm/node_modules/once/once.js:17:25)
38 verbose stack     at fixName (/home/ubuntu/.nvm/versions/node/v4.6.1/lib/node_modules/npm/lib/cache/add-named.js:29:5)
38 verbose stack     at saved (/home/ubuntu/.nvm/versions/node/v4.6.1/lib/node_modules/npm/lib/cache/caching-client.js:173:7)
38 verbose stack     at /home/ubuntu/.nvm/versions/node/v4.6.1/lib/node_modules/npm/node_modules/graceful-fs/polyfills.js:210:7
38 verbose stack     at FSReqWrap.oncomplete (fs.js:82:15)
39 verbose cwd /home/ubuntu/workspace/views/locales
40 error Linux 4.8.2-c9
41 error argv "/home/ubuntu/.nvm/versions/node/v4.6.1/bin/node" "/home/ubuntu/.nvm/versions/node/v4.6.1/bin/npm" "install" "--save" "angular-route@X.Y.Z"
42 error node v4.6.1
43 error npm  v2.15.9
44 error code ETARGET
45 error notarget No compatible version found: angular-route@'X.Y.Z'
45 error notarget Valid install targets:
45 error notarget ["1.2.17-build.163.1","1.3.0-rc.5","1.3.0","1.3.1","1.3.2","1.3.3","1.3.4-build.3588","1.2.27","1.3.4","1.3.5","1.3.6","1.3.7","1.2.28","1.3.8","1.4.0-beta.0","1.3.9","1.3.10","1.4.0-beta.1","1.4.0-beta.2","1.3.11","1.4.0-beta.3","1.3.12","1.3.13","1.4.0-beta.4","1.3.14","1.4.0-beta.5","1.4.0-beta.6","1.3.15","1.4.0-rc.0","1.4.0-rc.1","1.4.0-rc.2","1.4.0","1.3.16","1.4.1","1.4.2","1.3.17","1.4.3","1.4.4","1.3.18","1.4.5","1.3.19","1.4.6","1.5.0-beta.0","1.2.29","1.3.20","1.4.7","1.5.0-beta.2","1.4.8","1.5.0-rc.0","1.5.0-rc.1","1.4.9","1.5.0-rc.2","1.5.0","1.5.1","1.4.10","1.5.2","1.5.3","1.5.5","1.4.11","1.5.6","1.4.12","1.5.7","1.2.30","1.5.8","1.4.13","1.2.31","1.2.32","1.4.14","1.6.0-rc.0","1.6.0-rc.1","1.5.9","1.6.0-rc.2","1.6.0","1.5.10","1.6.1","1.5.11","1.6.2"]
45 error notarget
45 error notarget This is most likely not a problem with npm itself.
45 error notarget In most cases you or one of your dependencies are requesting
45 error notarget a package version that doesn't exist.
45 error notarget
45 error notarget It was specified as a dependency of 'superflat-admin'
46 verbose exit [ 1, true ]
